# JRE version: Java(TM) SE Runtime Environment (10.0.2+13) (build 10.0.2+13)
# Java VM: Java HotSpot(TM) 64-Bit Server VM (10.0.2+13, mixed mode, tiered, compressed oops, g1 gc, windows-amd64)
Heap:
 garbage-first heap   total 63488K, used 15618K [0x00000000c2800000, 0x0000000100000000)
  region size 1024K, 13 young (13312K), 1 survivors (1024K)
 Metaspace       used 17198K, capacity 17479K, committed 17920K, reserved 1064960K
  class space    used 1571K, capacity 1725K, committed 1792K, reserved 1048576K
GC Heap History (10 events):
Event: 43.995 GC heap before
{Heap before GC invocations=2 (full 0):
 garbage-first heap   total 63488K, used 10747K [0x00000000c2800000, 0x0000000100000000)
  region size 1024K, 9 young (9216K), 1 survivors (1024K)
 Metaspace       used 15810K, capacity 16089K, committed 16256K, reserved 1064960K
  class space    used 1533K, capacity 1655K, committed 1664K, reserved 1048576K
}
Event: 44.004 GC heap after
{Heap after GC invocations=3 (full 0):
 garbage-first heap   total 63488K, used 4061K [0x00000000c2800000, 0x0000000100000000)
  region size 1024K, 2 young (2048K), 2 survivors (2048K)
 Metaspace       used 15810K, capacity 16089K, committed 16256K, reserved 1064960K
  class space    used 1533K, capacity 1655K, committed 1664K, reserved 1048576K
}
Event: 44.757 GC heap before
{Heap before GC invocations=3 (full 0):
 garbage-first heap   total 63488K, used 16349K [0x00000000c2800000, 0x0000000100000000)
  region size 1024K, 14 young (14336K), 2 survivors (2048K)
 Metaspace       used 15945K, capacity 16249K, committed 16640K, reserved 1064960K
  class space    used 1543K, capacity 1687K, committed 1792K, reserved 1048576K
}
Event: 44.766 GC heap after
{Heap after GC invocations=4 (full 0):
 garbage-first heap   total 63488K, used 4538K [0x00000000c2800000, 0x0000000100000000)
  region size 1024K, 1 young (1024K), 1 survivors (1024K)
 Metaspace       used 15945K, capacity 16249K, committed 16640K, reserved 1064960K
  class space    used 1543K, capacity 1687K, committed 1792K, reserved 1048576K
}
Event: 44.800 GC heap before
{Heap before GC invocations=4 (full 0):
 garbage-first heap   total 63488K, used 22970K [0x00000000c2800000, 0x0000000100000000)
  region size 1024K, 19 young (19456K), 1 survivors (1024K)
 Metaspace       used 15953K, capacity 16249K, committed 16640K, reserved 1064960K
  class space    used 1544K, capacity 1687K, committed 1792K, reserved 1048576K
}
Event: 44.805 GC heap after
{Heap after GC invocations=5 (full 0):
 garbage-first heap   total 63488K, used 4275K [0x00000000c2800000, 0x0000000100000000)
  region size 1024K, 1 young (1024K), 1 survivors (1024K)
 Metaspace       used 15953K, capacity 16249K, committed 16640K, reserved 1064960K
  class space    used 1544K, capacity 1687K, committed 1792K, reserved 1048576K
}
Event: 44.853 GC heap before
{Heap before GC invocations=5 (full 0):
 garbage-first heap   total 63488K, used 38067K [0x00000000c2800000, 0x0000000100000000)
  region size 1024K, 34 young (34816K), 1 survivors (1024K)
 Metaspace       used 15953K, capacity 16249K, committed 16640K, reserved 1064960K
  class space    used 1544K, capacity 1687K, committed 1792K, reserved 1048576K
}
Event: 44.856 GC heap after
{Heap after GC invocations=6 (full 0):
 garbage-first heap   total 63488K, used 4290K [0x00000000c2800000, 0x0000000100000000)
  region size 1024K, 1 young (1024K), 1 survivors (1024K)
 Metaspace       used 15953K, capacity 16249K, committed 16640K, reserved 1064960K
  class space    used 1544K, capacity 1687K, committed 1792K, reserved 1048576K
}
Event: 44.945 GC heap before
{Heap before GC invocations=6 (full 0):
 garbage-first heap   total 63488K, used 41154K [0x00000000c2800000, 0x0000000100000000)
  region size 1024K, 37 young (37888K), 1 survivors (1024K)
 Metaspace       used 16004K, capacity 16313K, committed 16640K, reserved 1064960K
  class space    used 1544K, capacity 1687K, committed 1792K, reserved 1048576K
}
Event: 44.948 GC heap after
{Heap after GC invocations=7 (full 0):
 garbage-first heap   total 63488K, used 4354K [0x00000000c2800000, 0x0000000100000000)
  region size 1024K, 1 young (1024K), 1 survivors (1024K)
 Metaspace       used 16004K, capacity 16313K, committed 16640K, reserved 1064960K
  class space    used 1544K, capacity 1687K, committed 1792K, reserved 1048576K
}

