# JRE version: Java(TM) SE Runtime Environment (10.0.2+13) (build 10.0.2+13)
# Java VM: Java HotSpot(TM) 64-Bit Server VM (10.0.2+13, mixed mode, tiered, compressed oops, g1 gc, windows-amd64)
Heap:
 garbage-first heap   total 76800K, used 15458K [0x00000000c2800000, 0x0000000100000000)
  region size 1024K, 14 young (14336K), 3 survivors (3072K)
 Metaspace       used 18346K, capacity 18669K, committed 19072K, reserved 1067008K
  class space    used 1664K, capacity 1801K, committed 1920K, reserved 1048576K
GC Heap History (10 events):
Event: 3.225 GC heap before
{Heap before GC invocations=2 (full 0):
 garbage-first heap   total 63488K, used 12467K [0x00000000c2800000, 0x0000000100000000)
  region size 1024K, 11 young (11264K), 1 survivors (1024K)
 Metaspace       used 15928K, capacity 16189K, committed 16640K, reserved 1064960K
  class space    used 1543K, capacity 1687K, committed 1792K, reserved 1048576K
}
Event: 3.239 GC heap after
{Heap after GC invocations=3 (full 0):
 garbage-first heap   total 63488K, used 4037K [0x00000000c2800000, 0x0000000100000000)
  region size 1024K, 2 young (2048K), 2 survivors (2048K)
 Metaspace       used 15928K, capacity 16189K, committed 16640K, reserved 1064960K
  class space    used 1543K, capacity 1687K, committed 1792K, reserved 1048576K
}
Event: 3.333 GC heap before
{Heap before GC invocations=3 (full 0):
 garbage-first heap   total 63488K, used 29637K [0x00000000c2800000, 0x0000000100000000)
  region size 1024K, 27 young (27648K), 2 survivors (2048K)
 Metaspace       used 15959K, capacity 16253K, committed 16640K, reserved 1064960K
  class space    used 1544K, capacity 1687K, committed 1792K, reserved 1048576K
}
Event: 3.342 GC heap after
{Heap after GC invocations=4 (full 0):
 garbage-first heap   total 63488K, used 4337K [0x00000000c2800000, 0x0000000100000000)
  region size 1024K, 3 young (3072K), 3 survivors (3072K)
 Metaspace       used 15959K, capacity 16253K, committed 16640K, reserved 1064960K
  class space    used 1544K, capacity 1687K, committed 1792K, reserved 1048576K
}
Event: 3.395 GC heap before
{Heap before GC invocations=4 (full 0):
 garbage-first heap   total 63488K, used 34033K [0x00000000c2800000, 0x0000000100000000)
  region size 1024K, 32 young (32768K), 3 survivors (3072K)
 Metaspace       used 15968K, capacity 16317K, committed 16640K, reserved 1064960K
  class space    used 1545K, capacity 1687K, committed 1792K, reserved 1048576K
}
Event: 3.412 GC heap after
{Heap after GC invocations=5 (full 0):
 garbage-first heap   total 76800K, used 4380K [0x00000000c2800000, 0x0000000100000000)
  region size 1024K, 3 young (3072K), 3 survivors (3072K)
 Metaspace       used 15968K, capacity 16317K, committed 16640K, reserved 1064960K
  class space    used 1545K, capacity 1687K, committed 1792K, reserved 1048576K
}
Event: 3.506 GC heap before
{Heap before GC invocations=5 (full 0):
 garbage-first heap   total 76800K, used 47388K [0x00000000c2800000, 0x0000000100000000)
  region size 1024K, 45 young (46080K), 3 survivors (3072K)
 Metaspace       used 15994K, capacity 16317K, committed 16640K, reserved 1064960K
  class space    used 1545K, capacity 1687K, committed 1792K, reserved 1048576K
}
Event: 3.516 GC heap after
{Heap after GC invocations=6 (full 0):
 garbage-first heap   total 76800K, used 4382K [0x00000000c2800000, 0x0000000100000000)
  region size 1024K, 3 young (3072K), 3 survivors (3072K)
 Metaspace       used 15994K, capacity 16317K, committed 16640K, reserved 1064960K
  class space    used 1545K, capacity 1687K, committed 1792K, reserved 1048576K
}
Event: 107.460 GC heap before
{Heap before GC invocations=6 (full 0):
 garbage-first heap   total 76800K, used 47390K [0x00000000c2800000, 0x0000000100000000)
  region size 1024K, 45 young (46080K), 3 survivors (3072K)
 Metaspace       used 17288K, capacity 17611K, committed 17920K, reserved 1064960K
  class space    used 1570K, capacity 1725K, committed 1792K, reserved 1048576K
}
Event: 107.473 GC heap after
{Heap after GC invocations=7 (full 0):
 garbage-first heap   total 76800K, used 5218K [0x00000000c2800000, 0x0000000100000000)
  region size 1024K, 3 young (3072K), 3 survivors (3072K)
 Metaspace       used 17288K, capacity 17611K, committed 17920K, reserved 1064960K
  class space    used 1570K, capacity 1725K, committed 1792K, reserved 1048576K
}

