# JRE version: Java(TM) SE Runtime Environment (10.0.2+13) (build 10.0.2+13)
# Java VM: Java HotSpot(TM) 64-Bit Server VM (10.0.2+13, mixed mode, tiered, compressed oops, g1 gc, windows-amd64)
Heap:
 garbage-first heap   total 76800K, used 17639K [0x00000000c2800000, 0x0000000100000000)
  region size 1024K, 15 young (15360K), 1 survivors (1024K)
 Metaspace       used 17797K, capacity 18085K, committed 18560K, reserved 1067008K
  class space    used 1664K, capacity 1801K, committed 1920K, reserved 1048576K
GC Heap History (10 events):
Event: 4.013 GC heap before
{Heap before GC invocations=1 (full 0):
 garbage-first heap   total 63488K, used 4831K [0x00000000c2800000, 0x0000000100000000)
  region size 1024K, 4 young (4096K), 1 survivors (1024K)
 Metaspace       used 11357K, capacity 11590K, committed 11776K, reserved 1060864K
  class space    used 1156K, capacity 1255K, committed 1280K, reserved 1048576K
}
Event: 4.035 GC heap after
{Heap after GC invocations=2 (full 0):
 garbage-first heap   total 63488K, used 2320K [0x00000000c2800000, 0x0000000100000000)
  region size 1024K, 1 young (1024K), 1 survivors (1024K)
 Metaspace       used 11357K, capacity 11590K, committed 11776K, reserved 1060864K
  class space    used 1156K, capacity 1255K, committed 1280K, reserved 1048576K
}
Event: 6.895 GC heap before
{Heap before GC invocations=2 (full 0):
 garbage-first heap   total 63488K, used 11536K [0x00000000c2800000, 0x0000000100000000)
  region size 1024K, 10 young (10240K), 1 survivors (1024K)
 Metaspace       used 15856K, capacity 16157K, committed 16512K, reserved 1064960K
  class space    used 1535K, capacity 1655K, committed 1664K, reserved 1048576K
}
Event: 6.916 GC heap after
{Heap after GC invocations=3 (full 0):
 garbage-first heap   total 63488K, used 4067K [0x00000000c2800000, 0x0000000100000000)
  region size 1024K, 2 young (2048K), 2 survivors (2048K)
 Metaspace       used 15856K, capacity 16157K, committed 16512K, reserved 1064960K
  class space    used 1535K, capacity 1655K, committed 1664K, reserved 1048576K
}
Event: 7.251 GC heap before
{Heap before GC invocations=3 (full 0):
 garbage-first heap   total 63488K, used 26595K [0x00000000c2800000, 0x0000000100000000)
  region size 1024K, 24 young (24576K), 2 survivors (2048K)
 Metaspace       used 15992K, capacity 16317K, committed 16640K, reserved 1064960K
  class space    used 1545K, capacity 1687K, committed 1792K, reserved 1048576K
}
Event: 7.271 GC heap after
{Heap after GC invocations=4 (full 0):
 garbage-first heap   total 63488K, used 4377K [0x00000000c2800000, 0x0000000100000000)
  region size 1024K, 1 young (1024K), 1 survivors (1024K)
 Metaspace       used 15992K, capacity 16317K, committed 16640K, reserved 1064960K
  class space    used 1545K, capacity 1687K, committed 1792K, reserved 1048576K
}
Event: 7.363 GC heap before
{Heap before GC invocations=4 (full 0):
 garbage-first heap   total 63488K, used 32025K [0x00000000c2800000, 0x0000000100000000)
  region size 1024K, 28 young (28672K), 1 survivors (1024K)
 Metaspace       used 15999K, capacity 16317K, committed 16640K, reserved 1064960K
  class space    used 1546K, capacity 1687K, committed 1792K, reserved 1048576K
}
Event: 7.374 GC heap after
{Heap after GC invocations=5 (full 0):
 garbage-first heap   total 76800K, used 4336K [0x00000000c2800000, 0x0000000100000000)
  region size 1024K, 1 young (1024K), 1 survivors (1024K)
 Metaspace       used 15999K, capacity 16317K, committed 16640K, reserved 1064960K
  class space    used 1546K, capacity 1687K, committed 1792K, reserved 1048576K
}
Event: 7.470 GC heap before
{Heap before GC invocations=5 (full 0):
 garbage-first heap   total 76800K, used 49392K [0x00000000c2800000, 0x0000000100000000)
  region size 1024K, 45 young (46080K), 1 survivors (1024K)
 Metaspace       used 15999K, capacity 16317K, committed 16640K, reserved 1064960K
  class space    used 1546K, capacity 1687K, committed 1792K, reserved 1048576K
}
Event: 7.475 GC heap after
{Heap after GC invocations=6 (full 0):
 garbage-first heap   total 76800K, used 4327K [0x00000000c2800000, 0x0000000100000000)
  region size 1024K, 1 young (1024K), 1 survivors (1024K)
 Metaspace       used 15999K, capacity 16317K, committed 16640K, reserved 1064960K
  class space    used 1546K, capacity 1687K, committed 1792K, reserved 1048576K
}

